# JRE version: Java(TM) SE Runtime Environment (8.0_31-b13) (build 1.8.0_31-b13)
# Java VM: Java HotSpot(TM) 64-Bit Server VM (25.31-b07 mixed mode windows-amd64 compressed oops)
Heap:
 PSYoungGen      total 228864K, used 94073K [0x00000000eab00000, 0x00000000ff600000, 0x0000000100000000)
  eden space 131072K, 46% used [0x00000000eab00000,0x00000000ee6602e8,0x00000000f2b00000)
  from space 97792K, 34% used [0x00000000f9680000,0x00000000fb6fe4d8,0x00000000ff600000)
  to   space 103936K, 0% used [0x00000000f2b00000,0x00000000f2b00000,0x00000000f9080000)
 ParOldGen       total 327168K, used 171059K [0x00000000c0000000, 0x00000000d3f80000, 0x00000000eab00000)
  object space 327168K, 52% used [0x00000000c0000000,0x00000000ca70ce68,0x00000000d3f80000)
 Metaspace       used 6278K, capacity 7154K, committed 7296K, reserved 1056768K
  class space    used 600K, capacity 618K, committed 640K, reserved 1048576K
GC Heap History (10 events):
Event: 31.072 GC heap before
{Heap before GC invocations=17 (full 4):
 PSYoungGen      total 242176K, used 52828K [0x00000000eab00000, 0x00000000ffe80000, 0x0000000100000000)
  eden space 135168K, 0% used [0x00000000eab00000,0x00000000eab00000,0x00000000f2f00000)
  from space 107008K, 49% used [0x00000000f2f00000,0x00000000f6297120,0x00000000f9780000)
  to   space 104448K, 0% used [0x00000000f9880000,0x00000000f9880000,0x00000000ffe80000)
 ParOldGen       total 235520K, used 195425K [0x00000000c0000000, 0x00000000ce600000, 0x00000000eab00000)
  object space 235520K, 82% used [0x00000000c0000000,0x00000000cbed8690,0x00000000ce600000)
 Metaspace       used 6130K, capacity 7090K, committed 7296K, reserved 1056768K
  class space    used 598K, capacity 618K, committed 640K, reserved 1048576K
Event: 33.449 GC heap after
Heap after GC invocations=17 (full 4):
 PSYoungGen      total 242176K, used 0K [0x00000000eab00000, 0x00000000ffe80000, 0x0000000100000000)
  eden space 135168K, 0% used [0x00000000eab00000,0x00000000eab00000,0x00000000f2f00000)
  from space 107008K, 0% used [0x00000000f2f00000,0x00000000f2f00000,0x00000000f9780000)
  to   space 104448K, 0% used [0x00000000f9880000,0x00000000f9880000,0x00000000ffe80000)
 ParOldGen       total 240128K, used 117721K [0x00000000c0000000, 0x00000000cea80000, 0x00000000eab00000)
  object space 240128K, 49% used [0x00000000c0000000,0x00000000c72f6438,0x00000000cea80000)
 Metaspace       used 6130K, capacity 7090K, committed 7296K, reserved 1056768K
  class space    used 598K, capacity 618K, committed 640K, reserved 1048576K
}
Event: 33.948 GC heap before
{Heap before GC invocations=18 (full 4):
 PSYoungGen      total 242176K, used 135168K [0x00000000eab00000, 0x00000000ffe80000, 0x0000000100000000)
  eden space 135168K, 100% used [0x00000000eab00000,0x00000000f2f00000,0x00000000f2f00000)
  from space 107008K, 0% used [0x00000000f2f00000,0x00000000f2f00000,0x00000000f9780000)
  to   space 104448K, 0% used [0x00000000f9880000,0x00000000f9880000,0x00000000ffe80000)
 ParOldGen       total 240128K, used 117721K [0x00000000c0000000, 0x00000000cea80000, 0x00000000eab00000)
  object space 240128K, 49% used [0x00000000c0000000,0x00000000c72f6438,0x00000000cea80000)
 Metaspace       used 6131K, capacity 7090K, committed 7296K, reserved 1056768K
  class space    used 598K, capacity 618K, committed 640K, reserved 1048576K
Event: 34.105 GC heap after
Heap after GC invocations=18 (full 4):
 PSYoungGen      total 233472K, used 76379K [0x00000000eab00000, 0x0000000100000000, 0x0000000100000000)
  eden space 129024K, 0% used [0x00000000eab00000,0x00000000eab00000,0x00000000f2900000)
  from space 104448K, 73% used [0x00000000f9880000,0x00000000fe316d90,0x00000000ffe80000)
  to   space 110080K, 0% used [0x00000000f2900000,0x00000000f2900000,0x00000000f9480000)
 ParOldGen       total 240128K, used 117721K [0x00000000c0000000, 0x00000000cea80000, 0x00000000eab00000)
  object space 240128K, 49% used [0x00000000c0000000,0x00000000c72f6438,0x00000000cea80000)
 Metaspace       used 6131K, capacity 7090K, committed 7296K, reserved 1056768K
  class space    used 598K, capacity 618K, committed 640K, reserved 1048576K
}
Event: 35.527 GC heap before
{Heap before GC invocations=19 (full 4):
 PSYoungGen      total 233472K, used 205403K [0x00000000eab00000, 0x0000000100000000, 0x0000000100000000)
  eden space 129024K, 100% used [0x00000000eab00000,0x00000000f2900000,0x00000000f2900000)
  from space 104448K, 73% used [0x00000000f9880000,0x00000000fe316d90,0x00000000ffe80000)
  to   space 110080K, 0% used [0x00000000f2900000,0x00000000f2900000,0x00000000f9480000)
 ParOldGen       total 240128K, used 117721K [0x00000000c0000000, 0x00000000cea80000, 0x00000000eab00000)
  object space 240128K, 49% used [0x00000000c0000000,0x00000000c72f6438,0x00000000cea80000)
 Metaspace       used 6147K, capacity 7090K, committed 7296K, reserved 1056768K
  class space    used 598K, capacity 618K, committed 640K, reserved 1048576K
Event: 36.376 GC heap after
Heap after GC invocations=19 (full 4):
 PSYoungGen      total 239104K, used 23715K [0x00000000eab00000, 0x0000000100000000, 0x0000000100000000)
  eden space 129024K, 0% used [0x00000000eab00000,0x00000000eab00000,0x00000000f2900000)
  from space 110080K, 21% used [0x00000000f2900000,0x00000000f4028fe8,0x00000000f9480000)
  to   space 108032K, 0% used [0x00000000f9680000,0x00000000f9680000,0x0000000100000000)
 ParOldGen       total 240128K, used 196168K [0x00000000c0000000, 0x00000000cea80000, 0x00000000eab00000)
  object space 240128K, 81% used [0x00000000c0000000,0x00000000cbf92040,0x00000000cea80000)
 Metaspace       used 6147K, capacity 7090K, committed 7296K, reserved 1056768K
  class space    used 598K, capacity 618K, committed 640K, reserved 1048576K
}
Event: 36.376 GC heap before
{Heap before GC invocations=20 (full 5):
 PSYoungGen      total 239104K, used 23715K [0x00000000eab00000, 0x0000000100000000, 0x0000000100000000)
  eden space 129024K, 0% used [0x00000000eab00000,0x00000000eab00000,0x00000000f2900000)
  from space 110080K, 21% used [0x00000000f2900000,0x00000000f4028fe8,0x00000000f9480000)
  to   space 108032K, 0% used [0x00000000f9680000,0x00000000f9680000,0x0000000100000000)
 ParOldGen       total 240128K, used 196168K [0x00000000c0000000, 0x00000000cea80000, 0x00000000eab00000)
  object space 240128K, 81% used [0x00000000c0000000,0x00000000cbf92040,0x00000000cea80000)
 Metaspace       used 6147K, capacity 7090K, committed 7296K, reserved 1056768K
  class space    used 598K, capacity 618K, committed 640K, reserved 1048576K
Event: 39.642 GC heap after
Heap after GC invocations=20 (full 5):
 PSYoungGen      total 239104K, used 0K [0x00000000eab00000, 0x0000000100000000, 0x0000000100000000)
  eden space 129024K, 0% used [0x00000000eab00000,0x00000000eab00000,0x00000000f2900000)
  from space 110080K, 0% used [0x00000000f2900000,0x00000000f2900000,0x00000000f9480000)
  to   space 108032K, 0% used [0x00000000f9680000,0x00000000f9680000,0x0000000100000000)
 ParOldGen       total 327168K, used 171051K [0x00000000c0000000, 0x00000000d3f80000, 0x00000000eab00000)
  object space 327168K, 52% used [0x00000000c0000000,0x00000000ca70ae68,0x00000000d3f80000)
 Metaspace       used 6147K, capacity 7090K, committed 7296K, reserved 1056768K
  class space    used 598K, capacity 618K, committed 640K, reserved 1048576K
}
Event: 46.126 GC heap before
{Heap before GC invocations=21 (full 5):
 PSYoungGen      total 239104K, used 129024K [0x00000000eab00000, 0x0000000100000000, 0x0000000100000000)
  eden space 129024K, 100% used [0x00000000eab00000,0x00000000f2900000,0x00000000f2900000)
  from space 110080K, 0% used [0x00000000f2900000,0x00000000f2900000,0x00000000f9480000)
  to   space 108032K, 0% used [0x00000000f9680000,0x00000000f9680000,0x0000000100000000)
 ParOldGen       total 327168K, used 171051K [0x00000000c0000000, 0x00000000d3f80000, 0x00000000eab00000)
  object space 327168K, 52% used [0x00000000c0000000,0x00000000ca70ae68,0x00000000d3f80000)
 Metaspace       used 6233K, capacity 7154K, committed 7296K, reserved 1056768K
  class space    used 598K, capacity 618K, committed 640K, reserved 1048576K
Event: 46.529 GC heap after
Heap after GC invocations=21 (full 5):
 PSYoungGen      total 228864K, used 33273K [0x00000000eab00000, 0x00000000ff600000, 0x0000000100000000)
  eden space 131072K, 0% used [0x00000000eab00000,0x00000000eab00000,0x00000000f2b00000)
  from space 97792K, 34% used [0x00000000f9680000,0x00000000fb6fe4d8,0x00000000ff600000)
  to   space 103936K, 0% used [0x00000000f2b00000,0x00000000f2b00000,0x00000000f9080000)
 ParOldGen       total 327168K, used 171059K [0x00000000c0000000, 0x00000000d3f80000, 0x00000000eab00000)
  object space 327168K, 52% used [0x00000000c0000000,0x00000000ca70ce68,0x00000000d3f80000)
 Metaspace       used 6233K, capacity 7154K, committed 7296K, reserved 1056768K
  class space    used 598K, capacity 618K, committed 640K, reserved 1048576K
}

